<?xml version="1.0" encoding="UTF-8"?>
<!-- Generated by org.testng.reporters.JUnitReportReporter -->
<testsuite hostname="GAVLMUMLT-0162" failures="0" tests="1" name="appiumtests.install" time="23.033" errors="0" timestamp="2025-06-10T11:26:53 IST" skipped="0">
  <testcase classname="appiumtests.install" name="Install" time="23.033"/>
</testsuite> <!-- appiumtests.install -->
