<?xml version="1.0" encoding="UTF-8"?>
<!-- Generated by org.testng.reporters.JUnitReportReporter -->
<testsuite hostname="GAVLMUMDT-046" failures="0" tests="1" name="HomeFunctionality.OverDueBalance" time="100.844" errors="0" timestamp="2025-05-02T16:48:17 IST" skipped="0">
  <testcase classname="HomeFunctionality.OverDueBalance" name="verifyIfUserHasAlreadySubmitTheBalanceConfirmation" time="100.844"/>
</testsuite> <!-- HomeFunctionality.OverDueBalance -->
