<?xml version="1.0" encoding="UTF-8"?>
<!-- Generated by org.testng.reporters.JUnitReportReporter -->
<testsuite hostname="GAVLMUMDT-046" failures="0" tests="1" name="HomeFunctionality.OverDueBalance" time="37.149" errors="0" timestamp="2025-05-14T15:52:43 IST" skipped="0">
  <testcase classname="HomeFunctionality.OverDueBalance" name="verifyClearAllFilterShouldBeWork" time="37.149"/>
</testsuite> <!-- HomeFunctionality.OverDueBalance -->
