<?xml version="1.0" encoding="UTF-8"?>
<!-- Generated by org.testng.reporters.JUnitReportReporter -->
<testsuite hostname="GAVLMUMDT-046" failures="0" tests="1" name="HomeFunctionality.OverDueBalance" time="23.983" errors="0" timestamp="2025-05-27T13:33:33 IST" skipped="0">
  <testcase classname="HomeFunctionality.OverDueBalance" name="verifyTheFilterButtonShouldApplyBothTheDateAndStatusFiltersSimultaneouslyLast6MonthAndDiscrepancy" time="23.983"/>
</testsuite> <!-- HomeFunctionality.OverDueBalance -->
