<?xml version="1.0" encoding="UTF-8"?>
<!-- Generated by org.testng.reporters.JUnitReportReporter -->
<testsuite hostname="GAVLMUMDT-046" failures="0" tests="1" name="HomeFunctionality.OrderTest" time="36.177" errors="0" timestamp="2025-05-30T16:20:10 IST" skipped="0">
  <testcase classname="HomeFunctionality.OrderTest" name="TheFilterButtonShouldApplyBothTheDateAndStatusFiltersSimultaneouslyCustomRangeAndDelivered" time="36.177"/>
</testsuite> <!-- HomeFunctionality.OrderTest -->
